<?xml version="1.0" encoding="UTF-8"?>
<!-- Generated by org.testng.reporters.JUnitReportReporter -->
<testsuite hostname="DESKTOP-QU4N233" failures="0" tests="4" name="TestPackage.TestNGBasics" time="0.042" errors="0" timestamp="2021-08-09T18:54:12 IST" skipped="0">
  <testcase classname="TestPackage.TestNGBasics" name="searchTest" time="0.006"/>
  <system-out/>
  <testcase classname="TestPackage.TestNGBasics" name="documetfile" time="0.022"/>
  <system-out/>
  <testcase classname="TestPackage.TestNGBasics" name="googleTitleTest" time="0.006"/>
  <system-out/>
  <testcase classname="TestPackage.TestNGBasics" name="googleimage" time="0.008"/>
  <system-out/>
</testsuite> <!-- TestPackage.TestNGBasics -->
