<?xml version="1.0" encoding="UTF-8"?>
<!-- Generated by org.testng.reporters.JUnitReportReporter -->
<testsuite hostname="DESKTOP-QU4N233" failures="0" tests="10" name="TestPackage.InvocationCountTest" time="0.073" errors="0" timestamp="2021-08-06T09:39:39 IST" skipped="0">
  <testcase classname="TestPackage.InvocationCountTest" name="sum" time="0.003"/>
  <system-out/>
  <testcase classname="TestPackage.InvocationCountTest" name="sum" time="0.008"/>
  <system-out/>
  <testcase classname="TestPackage.InvocationCountTest" name="sum" time="0.006"/>
  <system-out/>
  <testcase classname="TestPackage.InvocationCountTest" name="sum" time="0.005"/>
  <system-out/>
  <testcase classname="TestPackage.InvocationCountTest" name="sum" time="0.004"/>
  <system-out/>
  <testcase classname="TestPackage.InvocationCountTest" name="sum" time="0.004"/>
  <system-out/>
  <testcase classname="TestPackage.InvocationCountTest" name="sum" time="0.004"/>
  <system-out/>
  <testcase classname="TestPackage.InvocationCountTest" name="sum" time="0.006"/>
  <system-out/>
  <testcase classname="TestPackage.InvocationCountTest" name="sum" time="0.028"/>
  <system-out/>
  <testcase classname="TestPackage.InvocationCountTest" name="sum" time="0.005"/>
  <system-out/>
</testsuite> <!-- TestPackage.InvocationCountTest -->
