<?xml version="1.0" encoding="UTF-8"?>
<!-- Generated by org.testng.reporters.JUnitReportReporter -->
<testsuite hostname="DESKTOP-QU4N233" failures="0" tests="1" name="TestPackage.ExcepionTimeOutTest" time="0.034" errors="0" timestamp="2021-08-06T10:33:48 IST" skipped="0">
  <testcase classname="TestPackage.ExcepionTimeOutTest" name="test1" time="0.034"/>
  <system-out/>
</testsuite> <!-- TestPackage.ExcepionTimeOutTest -->
